<?xml version="1.0" encoding="UTF-8"?>
<!-- Generated by org.testng.reporters.JUnitReportReporter -->
<testsuite hostname="Abhi" failures="0" tests="4" name="TestNg.demo" time="0.011" errors="0" timestamp="2023-06-16T20:46:39 IST" skipped="0">
  <testcase classname="TestNg.demo" name="createContact" time="0.000"/>
  <testcase classname="TestNg.demo" name="createContact" time="0.007"/>
  <testcase classname="TestNg.demo" name="deleteContact" time="0.003"/>
  <testcase classname="TestNg.demo" name="modifyContact" time="0.001"/>
</testsuite> <!-- TestNg.demo -->
